<?xml version="1.0" encoding="UTF-8"?>
<!-- Generated by org.testng.reporters.JUnitReportReporter -->
<testsuite skipped="0" hostname="LAPTOP-N0G0NBDP" name="com.qa.testNGScripts.TestNGAnnotationDemo" tests="4" failures="0" timestamp="24 Apr 2021 00:30:42 GMT" time="0.143" errors="0">
  <testcase name="Modifyemail" time="0.015" classname="com.qa.testNGScripts.TestNGAnnotationDemo"/>
  <testcase name="Createemail" time="0.114" classname="com.qa.testNGScripts.TestNGAnnotationDemo"/>
  <testcase name="searchemail" time="0.009" classname="com.qa.testNGScripts.TestNGAnnotationDemo"/>
  <testcase name="Deleteemail" time="0.005" classname="com.qa.testNGScripts.TestNGAnnotationDemo"/>
</testsuite> <!-- com.qa.testNGScripts.TestNGAnnotationDemo -->
