<?xml version="1.0" encoding="UTF-8"?>
<!-- Generated by org.testng.reporters.JUnitReportReporter -->
<testsuite skipped="0" hostname="LAPTOP-N0G0NBDP" name="com.qa.testNGScripts.DataDrivenTestingPOI" tests="19" failures="0" timestamp="28 Apr 2021 00:40:37 GMT" time="27.605" errors="0">
  <testcase name="wikipagedata" time="1.288" classname="com.qa.testNGScripts.DataDrivenTestingPOI"/>
  <testcase name="wikipagedata" time="1.683" classname="com.qa.testNGScripts.DataDrivenTestingPOI"/>
  <testcase name="wikipagedata" time="1.285" classname="com.qa.testNGScripts.DataDrivenTestingPOI"/>
  <testcase name="wikipagedata" time="1.313" classname="com.qa.testNGScripts.DataDrivenTestingPOI"/>
  <testcase name="wikipagedata" time="1.578" classname="com.qa.testNGScripts.DataDrivenTestingPOI"/>
  <testcase name="wikipagedata" time="1.416" classname="com.qa.testNGScripts.DataDrivenTestingPOI"/>
  <testcase name="wikipagedata" time="1.300" classname="com.qa.testNGScripts.DataDrivenTestingPOI"/>
  <testcase name="wikipagedata" time="1.327" classname="com.qa.testNGScripts.DataDrivenTestingPOI"/>
  <testcase name="wikipagedata" time="1.575" classname="com.qa.testNGScripts.DataDrivenTestingPOI"/>
  <testcase name="wikipagedata" time="1.264" classname="com.qa.testNGScripts.DataDrivenTestingPOI"/>
  <testcase name="wikipagedata" time="1.556" classname="com.qa.testNGScripts.DataDrivenTestingPOI"/>
  <testcase name="wikipagedata" time="1.778" classname="com.qa.testNGScripts.DataDrivenTestingPOI"/>
  <testcase name="wikipagedata" time="1.230" classname="com.qa.testNGScripts.DataDrivenTestingPOI"/>
  <testcase name="wikipagedata" time="1.323" classname="com.qa.testNGScripts.DataDrivenTestingPOI"/>
  <testcase name="wikipagedata" time="1.240" classname="com.qa.testNGScripts.DataDrivenTestingPOI"/>
  <testcase name="wikipagedata" time="1.659" classname="com.qa.testNGScripts.DataDrivenTestingPOI"/>
  <testcase name="wikipagedata" time="1.613" classname="com.qa.testNGScripts.DataDrivenTestingPOI"/>
  <testcase name="wikipagedata" time="1.611" classname="com.qa.testNGScripts.DataDrivenTestingPOI"/>
  <testcase name="wikipagedata" time="1.566" classname="com.qa.testNGScripts.DataDrivenTestingPOI"/>
</testsuite> <!-- com.qa.testNGScripts.DataDrivenTestingPOI -->
