<?xml version="1.0" encoding="UTF-8"?>
<!-- Generated by org.testng.reporters.JUnitReportReporter -->
<testsuite skipped="0" hostname="LAPTOP-N0G0NBDP" name="com.qa.testNGScripts.DataDrivernTestingDemo" tests="12" failures="0" timestamp="28 Apr 2021 00:08:09 GMT" time="18.043" errors="0">
  <testcase name="wikipagedata" time="1.572" classname="com.qa.testNGScripts.DataDrivernTestingDemo"/>
  <testcase name="wikipagedata" time="1.576" classname="com.qa.testNGScripts.DataDrivernTestingDemo"/>
  <testcase name="wikipagedata" time="1.577" classname="com.qa.testNGScripts.DataDrivernTestingDemo"/>
  <testcase name="wikipagedata" time="1.296" classname="com.qa.testNGScripts.DataDrivernTestingDemo"/>
  <testcase name="wikipagedata" time="1.523" classname="com.qa.testNGScripts.DataDrivernTestingDemo"/>
  <testcase name="wikipagedata" time="1.527" classname="com.qa.testNGScripts.DataDrivernTestingDemo"/>
  <testcase name="wikipagedata" time="1.567" classname="com.qa.testNGScripts.DataDrivernTestingDemo"/>
  <testcase name="wikipagedata" time="1.454" classname="com.qa.testNGScripts.DataDrivernTestingDemo"/>
  <testcase name="wikipagedata" time="1.416" classname="com.qa.testNGScripts.DataDrivernTestingDemo"/>
  <testcase name="wikipagedata" time="1.659" classname="com.qa.testNGScripts.DataDrivernTestingDemo"/>
  <testcase name="wikipagedata" time="1.379" classname="com.qa.testNGScripts.DataDrivernTestingDemo"/>
  <testcase name="wikipagedata" time="1.497" classname="com.qa.testNGScripts.DataDrivernTestingDemo"/>
</testsuite> <!-- com.qa.testNGScripts.DataDrivernTestingDemo -->
