<?xml version="1.0" encoding="UTF-8"?>
<!-- Generated by org.testng.reporters.JUnitReportReporter -->
<testsuite skipped="0" hostname="LAPTOP-N0G0NBDP" name="com.qa.testNGScripts.ParameterXML" tests="1" failures="0" timestamp="24 Apr 2021 00:59:19 GMT" time="6.354" errors="0">
  <testcase name="createAccount" time="6.354" classname="com.qa.testNGScripts.ParameterXML"/>
</testsuite> <!-- com.qa.testNGScripts.ParameterXML -->
